c:\users\dev\documents\ScrumGram-master\ScrumGram-master\app\build\obj\scrumgram\win32\release\scrumgram.pch
c:\users\dev\documents\ScrumGram-master\ScrumGram-master\app\build\obj\scrumgram\win32\release\vc141.pdb
c:\users\dev\documents\ScrumGram-master\ScrumGram-master\app\build\obj\scrumgram\win32\release\pch.obj
c:\users\dev\documents\ScrumGram-master\ScrumGram-master\app\build\obj\scrumgram\win32\release\xamltypeinfo.impl.g.obj
c:\users\dev\documents\ScrumGram-master\ScrumGram-master\app\build\obj\scrumgram\win32\release\unitygenerated.obj
c:\users\dev\documents\ScrumGram-master\ScrumGram-master\app\build\obj\scrumgram\win32\release\mainpage.xaml.obj
c:\users\dev\documents\ScrumGram-master\ScrumGram-master\app\build\obj\scrumgram\win32\release\app.xaml.obj
c:\users\dev\documents\ScrumGram-master\ScrumGram-master\app\build\obj\scrumgram\win32\release\xamltypeinfo.g.obj
c:\users\dev\documents\ScrumGram-master\ScrumGram-master\app\build\bin\win32\release\scrumgram.winmd
c:\users\dev\documents\ScrumGram-master\ScrumGram-master\app\build\obj\scrumgram\win32\release\scrumgram.tlog\scrumgram.winmd.lastbuild
c:\users\dev\documents\ScrumGram-master\ScrumGram-master\app\build\bin\win32\release\scrumgram.exe
c:\users\dev\documents\ScrumGram-master\ScrumGram-master\app\build\bin\win32\release\scrumgram.pdb
c:\users\dev\documents\ScrumGram-master\ScrumGram-master\app\build\bin\win32\release\unityplayer.winmd
c:\users\dev\documents\ScrumGram-master\ScrumGram-master\app\build\bin\win32\release\unityplayer.dll
c:\users\dev\documents\ScrumGram-master\ScrumGram-master\app\build\bin\win32\release\unityplayer_uap_x86_release_il2cpp.pdb
c:\users\dev\documents\ScrumGram-master\ScrumGram-master\app\build\bin\win32\release\scrumgram.lib
c:\users\dev\documents\ScrumGram-master\ScrumGram-master\app\build\bin\win32\release\scrumgram.exp
c:\users\dev\documents\ScrumGram-master\ScrumGram-master\app\build\bin\win32\release\scrumgram.ipdb
c:\users\dev\documents\ScrumGram-master\ScrumGram-master\app\build\bin\win32\release\scrumgram.iobj
c:\users\dev\documents\ScrumGram-master\ScrumGram-master\app\build\obj\scrumgram\win32\release\scrumgram.vcxprojassemblyreference.cache
c:\users\dev\documents\ScrumGram-master\ScrumGram-master\app\scrumgram\generated files\app.g.h
c:\users\dev\documents\ScrumGram-master\ScrumGram-master\app\scrumgram\generated files\mainpage.g.h
c:\users\dev\documents\ScrumGram-master\ScrumGram-master\app\scrumgram\generated files\xamllibmetadataprovider.g.cpp
c:\users\dev\documents\ScrumGram-master\ScrumGram-master\app\scrumgram\generated files\xamltypeinfo.impl.g.cpp
c:\users\dev\documents\ScrumGram-master\ScrumGram-master\app\scrumgram\generated files\app.xaml
c:\users\dev\documents\ScrumGram-master\ScrumGram-master\app\scrumgram\generated files\mainpage.xaml
c:\users\dev\documents\ScrumGram-master\ScrumGram-master\app\scrumgram\generated files\app.xbf
c:\users\dev\documents\ScrumGram-master\ScrumGram-master\app\scrumgram\generated files\mainpage.xbf
c:\users\dev\documents\ScrumGram-master\ScrumGram-master\app\build\obj\scrumgram\win32\release\xamlsavestatefile.xml
c:\users\dev\documents\ScrumGram-master\ScrumGram-master\app\scrumgram\generated files\xamltypeinfo.g.cpp
c:\users\dev\documents\ScrumGram-master\ScrumGram-master\app\build\obj\scrumgram\win32\release\scrumgram.vcxproj.copycomplete
c:\users\dev\documents\ScrumGram-master\ScrumGram-master\app\build\bin\win32\release\app.xbf
c:\users\dev\documents\ScrumGram-master\ScrumGram-master\app\build\bin\win32\release\mainpage.xbf
c:\users\dev\documents\ScrumGram-master\ScrumGram-master\app\build\obj\scrumgram\win32\release\resourcehandlingtask.state
c:\users\dev\documents\ScrumGram-master\ScrumGram-master\app\build\obj\scrumgram\win32\release\scrumgram.vcxproj.generateresource.cache
c:\users\dev\documents\ScrumGram-master\ScrumGram-master\app\build\obj\scrumgram\win32\release\priconfig.xml
c:\users\dev\documents\ScrumGram-master\ScrumGram-master\app\build\obj\scrumgram\win32\release\priconfig.xml.intermediate
c:\users\dev\documents\ScrumGram-master\ScrumGram-master\app\build\obj\scrumgram\win32\release\unfiltered.layout.resfiles
c:\users\dev\documents\ScrumGram-master\ScrumGram-master\app\build\obj\scrumgram\win32\release\unfiltered.layout.resfiles.intermediate
c:\users\dev\documents\ScrumGram-master\ScrumGram-master\app\build\obj\scrumgram\win32\release\filtered.layout.resfiles
c:\users\dev\documents\ScrumGram-master\ScrumGram-master\app\build\obj\scrumgram\win32\release\filtered.layout.resfiles.intermediate
c:\users\dev\documents\ScrumGram-master\ScrumGram-master\app\build\obj\scrumgram\win32\release\excluded.layout.resfiles
c:\users\dev\documents\ScrumGram-master\ScrumGram-master\app\build\obj\scrumgram\win32\release\excluded.layout.resfiles.intermediate
c:\users\dev\documents\ScrumGram-master\ScrumGram-master\app\build\obj\scrumgram\win32\release\resources.resfiles
c:\users\dev\documents\ScrumGram-master\ScrumGram-master\app\build\obj\scrumgram\win32\release\resources.resfiles.intermediate
c:\users\dev\documents\ScrumGram-master\ScrumGram-master\app\build\obj\scrumgram\win32\release\pri.resfiles
c:\users\dev\documents\ScrumGram-master\ScrumGram-master\app\build\obj\scrumgram\win32\release\pri.resfiles.intermediate
c:\users\dev\documents\ScrumGram-master\ScrumGram-master\app\build\bin\win32\release\resources.pri
c:\users\dev\documents\ScrumGram-master\ScrumGram-master\app\build\obj\scrumgram\win32\release\qualifiers.txt
c:\users\dev\documents\ScrumGram-master\ScrumGram-master\app\build\obj\scrumgram\win32\release\qualifiers.txt.intermediate
c:\users\dev\documents\ScrumGram-master\ScrumGram-master\app\build\obj\scrumgram\win32\release\multiplequalifiersperdimensionfound.txt
c:\users\dev\documents\ScrumGram-master\ScrumGram-master\app\build\obj\scrumgram\win32\release\projectarchitectures.txt
c:\users\dev\documents\ScrumGram-master\ScrumGram-master\app\build\obj\scrumgram\win32\release\.winmd_cache\$unityplayer.winmd_637098490980000000.json
c:\users\dev\documents\ScrumGram-master\ScrumGram-master\app\build\bin\win32\release\appxmanifest.xml
c:\users\dev\documents\ScrumGram-master\ScrumGram-master\app\build\bin\win32\release\scrumgram.build.appxrecipe
c:\users\dev\documents\ScrumGram-master\ScrumGram-master\app\build\obj\scrumgram\win32\release\scrumgram.tlog\cl.command.1.tlog
c:\users\dev\documents\ScrumGram-master\ScrumGram-master\app\build\obj\scrumgram\win32\release\scrumgram.tlog\cl.read.1.tlog
c:\users\dev\documents\ScrumGram-master\ScrumGram-master\app\build\obj\scrumgram\win32\release\scrumgram.tlog\cl.write.1.tlog
c:\users\dev\documents\ScrumGram-master\ScrumGram-master\app\build\obj\scrumgram\win32\release\scrumgram.tlog\link.command.1.tlog
c:\users\dev\documents\ScrumGram-master\ScrumGram-master\app\build\obj\scrumgram\win32\release\scrumgram.tlog\link.read.1.tlog
c:\users\dev\documents\ScrumGram-master\ScrumGram-master\app\build\obj\scrumgram\win32\release\scrumgram.tlog\link.write.1.tlog
c:\users\dev\documents\ScrumGram-master\ScrumGram-master\app\build\obj\scrumgram\win32\release\scrumgram.tlog\scrumgram.read.1u.tlog
c:\users\dev\documents\ScrumGram-master\ScrumGram-master\app\build\obj\scrumgram\win32\release\scrumgram.tlog\scrumgram.write.1u.tlog
c:\users\dev\documents\ScrumGram-master\ScrumGram-master\app\build\obj\scrumgram\win32\release\scrumgram.tlog\xaml.read.1u.tlog
c:\users\dev\documents\ScrumGram-master\ScrumGram-master\app\scrumgram\generated files\xamlbindinginfo.g.h
c:\users\dev\documents\ScrumGram-master\ScrumGram-master\app\scrumgram\generated files\xamltypeinfo.g.h
